<?xml version="1.0" encoding="utf-8"?>
<test-run id="0" testcasecount="4" result="Passed" total="4" passed="4" failed="0" inconclusive="0" skipped="0" asserts="2" portable-engine-version="3.3.0.0" start-time="2016-09-30 10:07:40Z" end-time="2016-09-30 10:07:45Z" duration="5.139759">
  <test-suite type="Assembly" id="1011" name="tests, Version=1.0.0.0, Culture=neutral, PublicKeyToken=null" fullname="tests, Version=1.0.0.0, Culture=neutral, PublicKeyToken=null" runstate="Runnable" testcasecount="4" result="Passed" start-time="2016-09-30 10:07:40Z" end-time="2016-09-30 10:07:45Z" duration="4.978628" total="4" passed="4" failed="0" inconclusive="0" skipped="0" asserts="2">
    <settings>
      <setting name="WorkDirectory" value="E:\Projects\EthereumApiDotNetCore\tests" />
    </settings>
    <properties>
      <property name="ParallelScope" value="None" />
    </properties>
    <test-suite type="TestSuite" id="1012" name="tests" fullname="tests" runstate="Runnable" testcasecount="0" result="Passed" start-time="2016-09-30 10:07:40Z" end-time="2016-09-30 10:07:40Z" duration="0.015479" total="0" passed="0" failed="0" inconclusive="0" skipped="0" asserts="0">
      <test-suite type="TestSuite" id="1013" name="JobTests" fullname="tests.JobTests" runstate="Runnable" testcasecount="0" result="Passed" start-time="2016-09-30 10:07:40Z" end-time="2016-09-30 10:07:40Z" duration="0.015146" total="0" passed="0" failed="0" inconclusive="0" skipped="0" asserts="0">
        <test-suite type="TestFixture" id="1000" name="TransferTransactionQueueJobTests" fullname="tests.JobTests.TransferTransactionQueueJobTests" classname="tests.JobTests.TransferTransactionQueueJobTests" runstate="Runnable" testcasecount="0" result="Passed" start-time="2016-09-30 10:07:40Z" end-time="2016-09-30 10:07:40Z" duration="0.002388" total="0" passed="0" failed="0" inconclusive="0" skipped="0" asserts="0" />
      </test-suite>
    </test-suite>
    <test-suite type="SetUpFixture" id="1001" name="Tests" fullname="Tests.Config" classname="Tests.Config" runstate="Runnable" testcasecount="4" result="Passed" start-time="2016-09-30 10:07:40Z" end-time="2016-09-30 10:07:45Z" duration="4.952965" total="4" passed="4" failed="0" inconclusive="0" skipped="0" asserts="2">
      <test-suite type="TestFixture" id="1002" name="ContractQueueServiceTests" fullname="Tests.ContractQueueServiceTests" classname="Tests.ContractQueueServiceTests" runstate="Runnable" testcasecount="2" result="Passed" start-time="2016-09-30 10:07:42Z" end-time="2016-09-30 10:07:44Z" duration="1.884649" total="2" passed="2" failed="0" inconclusive="0" skipped="0" asserts="0">
        <test-case id="1003" name="TestPushAndGetContract" fullname="Tests.ContractQueueServiceTests.TestPushAndGetContract" methodname="TestPushAndGetContract" classname="Tests.ContractQueueServiceTests" runstate="Runnable" seed="1675898505" result="Passed" start-time="2016-09-30 10:07:42Z" end-time="2016-09-30 10:07:43Z" duration="0.949752" asserts="0" />
        <test-case id="1004" name="TestSaveUserContract" fullname="Tests.ContractQueueServiceTests.TestSaveUserContract" methodname="TestSaveUserContract" classname="Tests.ContractQueueServiceTests" runstate="Runnable" seed="1810182564" result="Passed" start-time="2016-09-30 10:07:43Z" end-time="2016-09-30 10:07:44Z" duration="0.833295" asserts="0" />
      </test-suite>
      <test-suite type="TestFixture" id="1005" name="EthereumQueueOutTests" fullname="Tests.EthereumQueueOutTests" classname="Tests.EthereumQueueOutTests" runstate="Runnable" testcasecount="1" result="Passed" start-time="2016-09-30 10:07:44Z" end-time="2016-09-30 10:07:44Z" duration="0.352134" total="1" passed="1" failed="0" inconclusive="0" skipped="0" asserts="0">
        <test-case id="1006" name="TestFirePaymentEvent" fullname="Tests.EthereumQueueOutTests.TestFirePaymentEvent" methodname="TestFirePaymentEvent" classname="Tests.EthereumQueueOutTests" runstate="Runnable" seed="1303297355" result="Passed" start-time="2016-09-30 10:07:44Z" end-time="2016-09-30 10:07:44Z" duration="0.345024" asserts="0" />
      </test-suite>
      <test-suite type="TestFixture" id="1007" name="PaymentServiceTests" fullname="Tests.PaymentServiceTests" classname="Tests.PaymentServiceTests" runstate="Runnable" testcasecount="0" result="Passed" start-time="2016-09-30 10:07:44Z" end-time="2016-09-30 10:07:44Z" duration="0.000250" total="0" passed="0" failed="0" inconclusive="0" skipped="0" asserts="0" />
      <test-suite type="TestFixture" id="1008" name="TestContracts" fullname="Tests.TestContracts" classname="Tests.TestContracts" runstate="Runnable" testcasecount="0" result="Passed" start-time="2016-09-30 10:07:44Z" end-time="2016-09-30 10:07:44Z" duration="0.000225" total="0" passed="0" failed="0" inconclusive="0" skipped="0" asserts="0" />
      <test-suite type="TestFixture" id="1009" name="TestMonitoringContractBalanceJob" fullname="Tests.TestMonitoringContractBalanceJob" classname="Tests.TestMonitoringContractBalanceJob" runstate="Runnable" testcasecount="1" result="Passed" start-time="2016-09-30 10:07:44Z" end-time="2016-09-30 10:07:45Z" duration="1.128537" total="1" passed="1" failed="0" inconclusive="0" skipped="0" asserts="0">
        <test-case id="1010" name="TestExecute" fullname="Tests.TestMonitoringContractBalanceJob.TestExecute" methodname="TestExecute" classname="Tests.TestMonitoringContractBalanceJob" runstate="Runnable" seed="685601371" result="Passed" start-time="2016-09-30 10:07:44Z" end-time="2016-09-30 10:07:45Z" duration="1.120995" asserts="0" />
      </test-suite>
    </test-suite>
  </test-suite>
</test-run>